<?xml version="1.0" encoding="UTF-8"?>
<!-- Generated by org.testng.reporters.JUnitXMLReporter -->
<testsuite ignored="8" hostname="DESKTOP-QI6H2EA" failures="0" tests="8" name="Test Case" time="0.217" errors="0" timestamp="2024-10-29T10:59:30 PKT">
  <testcase classname="TestNG.Lecture8.GroupingClass1" name="GClass2" time="0.029"/>
  <testcase classname="TestNG.Lecture8.GroupingClass1" name="GClass4" time="0.004"/>
  <testcase classname="TestNG.Lecture8.GroupingClass2" name="GClass2" time="0.004"/>
  <testcase classname="TestNG.Lecture8.GroupingClass2" name="GClass4" time="0.004"/>
  <testcase classname="TestNG.Lecture8.GroupingClass3" name="GClass2" time="0.006"/>
  <testcase classname="TestNG.Lecture8.GroupingClass3" name="GClass8" time="0.002"/>
  <testcase classname="TestNG.Lecture8.GroupingClass4" name="GClass12" time="0.003"/>
  <testcase classname="TestNG.Lecture8.GroupingClass4" name="GClass14" time="0.004"/>
  <testcase classname="TestNG.Lecture8.GroupingClass1" name="GFunc1" time="0.0">
    <ignored/>
  </testcase> <!-- GFunc1 -->
  <testcase classname="TestNG.Lecture8.GroupingClass3" name="GFunc2" time="0.0">
    <ignored/>
  </testcase> <!-- GFunc2 -->
  <testcase classname="TestNG.Lecture8.GroupingClass4" name="GFunc14" time="0.0">
    <ignored/>
  </testcase> <!-- GFunc14 -->
  <testcase classname="TestNG.Lecture8.GroupingClass3" name="GFunc1" time="0.0">
    <ignored/>
  </testcase> <!-- GFunc1 -->
  <testcase classname="TestNG.Lecture8.GroupingClass1" name="GFunc3" time="0.0">
    <ignored/>
  </testcase> <!-- GFunc3 -->
  <testcase classname="TestNG.Lecture8.GroupingClass4" name="GFunc12" time="0.0">
    <ignored/>
  </testcase> <!-- GFunc12 -->
  <testcase classname="TestNG.Lecture8.GroupingClass2" name="GFunc5" time="0.0">
    <ignored/>
  </testcase> <!-- GFunc5 -->
  <testcase classname="TestNG.Lecture8.GroupingClass2" name="GFunc7" time="0.0">
    <ignored/>
  </testcase> <!-- GFunc7 -->
</testsuite> <!-- Test Case -->
