<?xml version="1.0" encoding="UTF-8"?>
<testng-results ignored="0" total="1" passed="1" failed="0" skipped="0">
  <reporter-output>
  </reporter-output>
  <suite started-at="2024-10-29T13:51:15 PKT" name="Suite" finished-at="2024-10-29T13:51:37 PKT" duration-ms="21882">
    <groups>
    </groups>
    <test started-at="2024-10-29T13:51:15 PKT" name="Test" finished-at="2024-10-29T13:51:37 PKT" duration-ms="21882">
      <class name="TestNG.Lecture8.Reporting">
        <test-method signature="getData()[pri:0, instance:TestNG.Lecture8.Reporting@55141def]" started-at="2024-10-29T13:51:15 PKT" name="getData" finished-at="2024-10-29T13:51:37 PKT" duration-ms="21706" status="PASS">
          <reporter-output>
          </reporter-output>
        </test-method> <!-- getData -->
      </class> <!-- TestNG.Lecture8.Reporting -->
    </test> <!-- Test -->
  </suite> <!-- Suite -->
</testng-results>
